# JRE version: OpenJDK Runtime Environment Temurin-17.0.1+12 (17.0.1+12) (build 17.0.1+12)
# Java VM: OpenJDK 64-Bit Server VM Temurin-17.0.1+12 (17.0.1+12, mixed mode, tiered, compressed oops, compressed class ptrs, g1 gc, windows-amd64)
GC Precious Log:
 CPUs: 6 total, 6 available
 Memory: 16304M
 Large Page Support: Disabled
 NUMA Support: Disabled
 Compressed Oops: Enabled (Zero based)
 Heap Region Size: 2M
 Heap Min Capacity: 8M
 Heap Initial Capacity: 256M
 Heap Max Capacity: 4078M
 Pre-touch: Disabled
 Parallel Workers: 6
 Concurrent Workers: 2
 Concurrent Refinement Workers: 6
 Periodic GC: Disabled
Heap:
 garbage-first heap   total 174080K, used 82049K [0x0000000701200000, 0x0000000800000000)
  region size 2048K, 25 young (51200K), 1 survivors (2048K)
 Metaspace       used 72452K, committed 72960K, reserved 1114112K
  class space    used 9165K, committed 9408K, reserved 1048576K
GC Heap History (20 events):
Event: 5.870 GC heap after
{Heap after GC invocations=20 (full 0):
 garbage-first heap   total 90112K, used 40598K [0x0000000701200000, 0x0000000800000000)
  region size 2048K, 3 young (6144K), 3 survivors (6144K)
 Metaspace       used 68524K, committed 68864K, reserved 1114112K
  class space    used 8772K, committed 8960K, reserved 1048576K
}
Event: 5.960 GC heap before
{Heap before GC invocations=20 (full 0):
 garbage-first heap   total 90112K, used 65174K [0x0000000701200000, 0x0000000800000000)
  region size 2048K, 16 young (32768K), 3 survivors (6144K)
 Metaspace       used 68575K, committed 68992K, reserved 1114112K
  class space    used 8772K, committed 8960K, reserved 1048576K
}
Event: 5.965 GC heap after
{Heap after GC invocations=21 (full 0):
 garbage-first heap   total 118784K, used 48600K [0x0000000701200000, 0x0000000800000000)
  region size 2048K, 2 young (4096K), 2 survivors (4096K)
 Metaspace       used 68575K, committed 68992K, reserved 1114112K
  class space    used 8772K, committed 8960K, reserved 1048576K
}
Event: 6.274 GC heap before
{Heap before GC invocations=21 (full 0):
 garbage-first heap   total 118784K, used 81368K [0x0000000701200000, 0x0000000800000000)
  region size 2048K, 19 young (38912K), 2 survivors (4096K)
 Metaspace       used 70369K, committed 70720K, reserved 1114112K
  class space    used 8993K, committed 9152K, reserved 1048576K
}
Event: 6.276 GC heap after
{Heap after GC invocations=22 (full 0):
 garbage-first heap   total 118784K, used 49197K [0x0000000701200000, 0x0000000800000000)
  region size 2048K, 1 young (2048K), 1 survivors (2048K)
 Metaspace       used 70369K, committed 70720K, reserved 1114112K
  class space    used 8993K, committed 9152K, reserved 1048576K
}
Event: 76.192 GC heap before
{Heap before GC invocations=22 (full 0):
 garbage-first heap   total 118784K, used 57389K [0x0000000701200000, 0x0000000800000000)
  region size 2048K, 6 young (12288K), 1 survivors (2048K)
 Metaspace       used 71280K, committed 71680K, reserved 1114112K
  class space    used 9114K, committed 9344K, reserved 1048576K
}
Event: 76.218 GC heap after
{Heap after GC invocations=23 (full 1):
 garbage-first heap   total 90112K, used 23558K [0x0000000701200000, 0x0000000800000000)
  region size 2048K, 0 young (0K), 0 survivors (0K)
 Metaspace       used 71280K, committed 71680K, reserved 1114112K
  class space    used 9114K, committed 9344K, reserved 1048576K
}
Event: 76.533 GC heap before
{Heap before GC invocations=23 (full 1):
 garbage-first heap   total 90112K, used 56326K [0x0000000701200000, 0x0000000800000000)
  region size 2048K, 17 young (34816K), 0 survivors (0K)
 Metaspace       used 71545K, committed 72000K, reserved 1114112K
  class space    used 9125K, committed 9344K, reserved 1048576K
}
Event: 76.535 GC heap after
{Heap after GC invocations=24 (full 1):
 garbage-first heap   total 90112K, used 26384K [0x0000000701200000, 0x0000000800000000)
  region size 2048K, 2 young (4096K), 2 survivors (4096K)
 Metaspace       used 71545K, committed 72000K, reserved 1114112K
  class space    used 9125K, committed 9344K, reserved 1048576K
}
Event: 76.540 GC heap before
{Heap before GC invocations=24 (full 1):
 garbage-first heap   total 90112K, used 59152K [0x0000000701200000, 0x0000000800000000)
  region size 2048K, 19 young (38912K), 2 survivors (4096K)
 Metaspace       used 71545K, committed 72000K, reserved 1114112K
  class space    used 9125K, committed 9344K, reserved 1048576K
}
Event: 76.541 GC heap after
{Heap after GC invocations=25 (full 1):
 garbage-first heap   total 90112K, used 26361K [0x0000000701200000, 0x0000000800000000)
  region size 2048K, 2 young (4096K), 2 survivors (4096K)
 Metaspace       used 71545K, committed 72000K, reserved 1114112K
  class space    used 9125K, committed 9344K, reserved 1048576K
}
Event: 76.761 GC heap before
{Heap before GC invocations=25 (full 1):
 garbage-first heap   total 90112K, used 63225K [0x0000000701200000, 0x0000000800000000)
  region size 2048K, 20 young (40960K), 2 survivors (4096K)
 Metaspace       used 72044K, committed 72576K, reserved 1114112K
  class space    used 9145K, committed 9408K, reserved 1048576K
}
Event: 76.763 GC heap after
{Heap after GC invocations=26 (full 1):
 garbage-first heap   total 90112K, used 28174K [0x0000000701200000, 0x0000000800000000)
  region size 2048K, 3 young (6144K), 3 survivors (6144K)
 Metaspace       used 72044K, committed 72576K, reserved 1114112K
  class space    used 9145K, committed 9408K, reserved 1048576K
}
Event: 76.914 GC heap before
{Heap before GC invocations=26 (full 1):
 garbage-first heap   total 90112K, used 62990K [0x0000000701200000, 0x0000000800000000)
  region size 2048K, 21 young (43008K), 3 survivors (6144K)
 Metaspace       used 72231K, committed 72704K, reserved 1114112K
  class space    used 9159K, committed 9408K, reserved 1048576K
}
Event: 76.917 GC heap after
{Heap after GC invocations=27 (full 1):
 garbage-first heap   total 90112K, used 32748K [0x0000000701200000, 0x0000000800000000)
  region size 2048K, 3 young (6144K), 3 survivors (6144K)
 Metaspace       used 72231K, committed 72704K, reserved 1114112K
  class space    used 9159K, committed 9408K, reserved 1048576K
}
Event: 76.985 GC heap before
{Heap before GC invocations=27 (full 1):
 garbage-first heap   total 90112K, used 63468K [0x0000000701200000, 0x0000000800000000)
  region size 2048K, 18 young (36864K), 3 survivors (6144K)
 Metaspace       used 72287K, committed 72768K, reserved 1114112K
  class space    used 9159K, committed 9408K, reserved 1048576K
}
Event: 76.988 GC heap after
{Heap after GC invocations=28 (full 1):
 garbage-first heap   total 90112K, used 35964K [0x0000000701200000, 0x0000000800000000)
  region size 2048K, 3 young (6144K), 3 survivors (6144K)
 Metaspace       used 72287K, committed 72768K, reserved 1114112K
  class space    used 9159K, committed 9408K, reserved 1048576K
}
Event: 77.049 GC heap before
{Heap before GC invocations=28 (full 1):
 garbage-first heap   total 90112K, used 60540K [0x0000000701200000, 0x0000000800000000)
  region size 2048K, 16 young (32768K), 3 survivors (6144K)
 Metaspace       used 72362K, committed 72832K, reserved 1114112K
  class space    used 9162K, committed 9408K, reserved 1048576K
}
Event: 77.050 GC heap after
{Heap after GC invocations=29 (full 1):
 garbage-first heap   total 174080K, used 33198K [0x0000000701200000, 0x0000000800000000)
  region size 2048K, 1 young (2048K), 1 survivors (2048K)
 Metaspace       used 72362K, committed 72832K, reserved 1114112K
  class space    used 9162K, committed 9408K, reserved 1048576K
}
Event: 94.974 GC heap before
{Heap before GC invocations=29 (full 1):
 garbage-first heap   total 174080K, used 78254K [0x0000000701200000, 0x0000000800000000)
  region size 2048K, 25 young (51200K), 1 survivors (2048K)
 Metaspace       used 72452K, committed 72960K, reserved 1114112K
  class space    used 9165K, committed 9408K, reserved 1048576K
}

